<?xml version="1.0" encoding="UTF-8"?>
<!-- Generated by org.testng.reporters.JUnitXMLReporter -->
<testsuite hostname="DESKTOP-G0DD5F8" ignored="0" name="Test" tests="1" failures="1" timestamp="12 三月 2019 08:08:31 GMT" time="0.018" errors="0">
  <testcase name="f" time="0.0" classname="com.test.login.common.TtTest">
    <failure type="org.testng.TestNGException" message="
Method public void com.test.login.common.TtTest.f(java.lang.String[]) requires a @DataProvider named : f">
      <![CDATA[org.testng.TestNGException: 
Method public void com.test.login.common.TtTest.f(java.lang.String[]) requires a @DataProvider named : f
... Removed 22 stack frames]]>
    </failure>
  </testcase> <!-- f -->
</testsuite> <!-- Test -->
